2020-05-01 17:46:31,594 INFO t.t.BaseTest [TestNG-tests-1] Thread is -->Thread[TestNG-tests-1,5,main]
2020-05-01 17:46:31,597 INFO t.t.BaseTest [TestNG-tests-1] Initializing chrome browser
2020-05-01 17:46:35,835 INFO u.ItestListener [TestNG-tests-1] I came here onTestStart of test --> [TestClass name=class test.testCases.SearchPageTestCases].test1
2020-05-01 17:46:35,835 INFO t.t.SearchPageTestCases [TestNG-tests-1] typing url --> http://www.google.com
2020-05-01 17:46:38,586 WARN t.t.SearchPageTestCases [TestNG-tests-1] Entering Text in Goole Search --> CoronaVirus
2020-05-01 17:46:40,779 ERROR u.ItestListener [TestNG-tests-1] I came here onTestFailure of test --> [TestClass name=class test.testCases.SearchPageTestCases].test1
2020-05-01 17:46:40,779 ERROR u.ItestListener [TestNG-tests-1] failureReason --> org.openqa.selenium.NoSuchElementException: no such element: Unable to locate element: {"method":"css selector","selector":"*[name='btnKK']"}
  (Session info: chrome=81.0.4044.122)
For documentation on this error, please visit: https://www.seleniumhq.org/exceptions/no_such_element.html
Build info: version: '3.141.59', revision: 'e82be7d358', time: '2018-11-14T08:17:03'
System info: host: 'LAPTOP-F72VL5U5', ip: '10.6.1.14', os.name: 'Windows 10', os.arch: 'amd64', os.version: '10.0', java.version: '1.8.0_241'
Driver info: org.openqa.selenium.chrome.ChromeDriver
Capabilities {acceptInsecureCerts: false, browserName: chrome, browserVersion: 81.0.4044.122, chrome: {chromedriverVersion: 81.0.4044.69 (6813546031a4b..., userDataDir: C:\Users\sharm\AppData\Loca...}, goog:chromeOptions: {debuggerAddress: localhost:53893}, javascriptEnabled: true, networkConnectionEnabled: false, pageLoadStrategy: normal, platform: WINDOWS, platformName: WINDOWS, proxy: Proxy(), setWindowRect: true, strictFileInteractability: false, timeouts: {implicit: 0, pageLoad: 300000, script: 30000}, unhandledPromptBehavior: dismiss and notify, webauthn:virtualAuthenticators: true}
Session ID: 914b18c0cd4dc6262a392883cceb6aef
*** Element info: {Using=name, value=btnKK}
2020-05-01 17:47:21,744 INFO t.t.BaseTest [TestNG-tests-1] Thread is -->Thread[TestNG-tests-1,5,main]
2020-05-01 17:47:21,746 INFO t.t.BaseTest [TestNG-tests-1] Initializing chrome browser
2020-05-01 17:47:25,898 INFO u.ItestListener [TestNG-tests-1] I came here onTestStart of test --> [TestClass name=class test.testCases.SearchPageTestCases].test1
2020-05-01 17:47:25,898 INFO t.t.SearchPageTestCases [TestNG-tests-1] typing url --> http://www.google.com
2020-05-01 17:47:29,149 WARN t.t.SearchPageTestCases [TestNG-tests-1] Entering Text in Goole Search --> CoronaVirus
2020-05-01 17:47:51,742 ERROR u.ItestListener [TestNG-tests-1] I came here onTestFailure of test --> [TestClass name=class test.testCases.SearchPageTestCases].test1
2020-05-01 17:47:51,742 ERROR u.ItestListener [TestNG-tests-1] failureReason --> org.openqa.selenium.TimeoutException: Expected condition failed: waiting for element to be clickable: By.name: btnKK (tried for 20 second(s) with 500 milliseconds interval)
2020-05-01 17:48:03,498 INFO t.t.BaseTest [TestNG-tests-1] Thread is -->Thread[TestNG-tests-1,5,main]
2020-05-01 17:48:03,500 INFO t.t.BaseTest [TestNG-tests-1] Initializing chrome browser
2020-05-01 17:48:07,723 INFO u.ItestListener [TestNG-tests-1] I came here onTestStart of test --> [TestClass name=class test.testCases.SearchPageTestCases].test1
2020-05-01 17:48:07,724 INFO t.t.SearchPageTestCases [TestNG-tests-1] typing url --> http://www.google.com
2020-05-01 17:48:10,512 WARN t.t.SearchPageTestCases [TestNG-tests-1] Entering Text in Goole Search --> CoronaVirus
2020-05-01 17:48:12,591 ERROR t.t.SearchPageTestCases [TestNG-tests-1] Clicked Search
2020-05-01 17:48:12,594 INFO u.ItestListener [TestNG-tests-1] I came here onTestSuccess of test --> [TestClass name=class test.testCases.SearchPageTestCases].test1
2020-05-01 18:00:53,167 INFO t.t.BaseTest [TestNG-tests-1] Thread is -->Thread[TestNG-tests-1,5,main]
2020-05-01 18:00:53,170 INFO t.t.BaseTest [TestNG-tests-1] Initializing chrome browser
2020-05-01 18:00:57,362 INFO u.ItestListener [TestNG-tests-1] I came here onTestStart of test --> [TestClass name=class test.testCases.SearchPageTestCases].test1
2020-05-01 18:00:57,362 INFO t.t.SearchPageTestCases [TestNG-tests-1] typing url --> http://www.google.com
2020-05-01 18:01:00,243 WARN t.t.SearchPageTestCases [TestNG-tests-1] Entering Text in Goole Search --> CoronaVirus
2020-05-01 18:01:02,090 ERROR t.t.SearchPageTestCases [TestNG-tests-1] Clicked Search
2020-05-01 18:01:02,092 INFO u.ItestListener [TestNG-tests-1] I came here onTestSuccess of test --> [TestClass name=class test.testCases.SearchPageTestCases].test1
2020-05-01 18:01:09,611 INFO t.t.BaseTest [TestNG-tests-1] Thread is -->Thread[TestNG-tests-1,5,main]
2020-05-01 18:01:09,614 INFO t.t.BaseTest [TestNG-tests-1] Initializing chrome browser
2020-05-01 18:01:13,834 INFO u.ItestListener [TestNG-tests-1] I came here onTestStart of test --> [TestClass name=class test.testCases.SearchPageTestCases].test1
2020-05-01 18:01:13,834 INFO t.t.SearchPageTestCases [TestNG-tests-1] typing url --> http://www.google.com
2020-05-01 18:01:16,713 WARN t.t.SearchPageTestCases [TestNG-tests-1] Entering Text in Goole Search --> CoronaVirus
2020-05-01 18:01:18,889 ERROR u.ItestListener [TestNG-tests-1] I came here onTestFailure of test --> [TestClass name=class test.testCases.SearchPageTestCases].test1
2020-05-01 18:01:18,889 ERROR u.ItestListener [TestNG-tests-1] failureReason --> org.openqa.selenium.NoSuchElementException: no such element: Unable to locate element: {"method":"css selector","selector":"*[name='btnKK']"}
  (Session info: chrome=81.0.4044.122)
For documentation on this error, please visit: https://www.seleniumhq.org/exceptions/no_such_element.html
Build info: version: '3.141.59', revision: 'e82be7d358', time: '2018-11-14T08:17:03'
System info: host: 'LAPTOP-F72VL5U5', ip: '10.6.1.14', os.name: 'Windows 10', os.arch: 'amd64', os.version: '10.0', java.version: '1.8.0_241'
Driver info: org.openqa.selenium.chrome.ChromeDriver
Capabilities {acceptInsecureCerts: false, browserName: chrome, browserVersion: 81.0.4044.122, chrome: {chromedriverVersion: 81.0.4044.69 (6813546031a4b..., userDataDir: C:\Users\sharm\AppData\Loca...}, goog:chromeOptions: {debuggerAddress: localhost:54287}, javascriptEnabled: true, networkConnectionEnabled: false, pageLoadStrategy: normal, platform: WINDOWS, platformName: WINDOWS, proxy: Proxy(), setWindowRect: true, strictFileInteractability: false, timeouts: {implicit: 0, pageLoad: 300000, script: 30000}, unhandledPromptBehavior: dismiss and notify, webauthn:virtualAuthenticators: true}
Session ID: 411c59c0ebc190dc7358aff7298f31a4
*** Element info: {Using=name, value=btnKK}
2020-05-01 18:04:58,814 INFO t.t.BaseTest [TestNG-tests-1] Thread is -->Thread[TestNG-tests-1,5,main]
2020-05-01 18:04:58,816 INFO t.t.BaseTest [TestNG-tests-1] Initializing chrome browser
2020-05-01 18:05:03,042 INFO u.ItestListener [TestNG-tests-1] I came here onTestStart of test --> [TestClass name=class test.testCases.SearchPageTestCases].test1
2020-05-01 18:05:03,042 INFO t.t.SearchPageTestCases [TestNG-tests-1] typing url --> http://www.google.com
2020-05-01 18:05:05,870 WARN t.t.SearchPageTestCases [TestNG-tests-1] Entering Text in Goole Search --> CoronaVirus
2020-05-01 18:05:08,099 ERROR u.ItestListener [TestNG-tests-1] I came here onTestFailure of test --> [TestClass name=class test.testCases.SearchPageTestCases].test1
2020-05-01 18:05:08,100 ERROR u.ItestListener [TestNG-tests-1] failureReason --> org.openqa.selenium.NoSuchElementException: no such element: Unable to locate element: {"method":"css selector","selector":"*[name='btnKK']"}
  (Session info: chrome=81.0.4044.122)
For documentation on this error, please visit: https://www.seleniumhq.org/exceptions/no_such_element.html
Build info: version: '3.141.59', revision: 'e82be7d358', time: '2018-11-14T08:17:03'
System info: host: 'LAPTOP-F72VL5U5', ip: '10.6.1.14', os.name: 'Windows 10', os.arch: 'amd64', os.version: '10.0', java.version: '1.8.0_241'
Driver info: org.openqa.selenium.chrome.ChromeDriver
Capabilities {acceptInsecureCerts: false, browserName: chrome, browserVersion: 81.0.4044.122, chrome: {chromedriverVersion: 81.0.4044.69 (6813546031a4b..., userDataDir: C:\Users\sharm\AppData\Loca...}, goog:chromeOptions: {debuggerAddress: localhost:54409}, javascriptEnabled: true, networkConnectionEnabled: false, pageLoadStrategy: normal, platform: WINDOWS, platformName: WINDOWS, proxy: Proxy(), setWindowRect: true, strictFileInteractability: false, timeouts: {implicit: 0, pageLoad: 300000, script: 30000}, unhandledPromptBehavior: dismiss and notify, webauthn:virtualAuthenticators: true}
Session ID: 4ebaad1fed1dac404bfcabdf0f080b26
*** Element info: {Using=name, value=btnKK}
2020-05-01 18:06:53,371 INFO t.t.BaseTest [TestNG-tests-1] Thread is -->Thread[TestNG-tests-1,5,main]
2020-05-01 18:06:53,374 INFO t.t.BaseTest [TestNG-tests-1] Initializing chrome browser
2020-05-01 18:06:57,599 INFO u.ItestListener [TestNG-tests-1] I came here onTestStart of test --> [TestClass name=class test.testCases.SearchPageTestCases].test1
2020-05-01 18:06:57,599 INFO t.t.SearchPageTestCases [TestNG-tests-1] typing url --> http://www.google.com
2020-05-01 18:07:00,478 WARN t.t.SearchPageTestCases [TestNG-tests-1] Entering Text in Goole Search --> CoronaVirus
2020-05-01 18:07:12,852 ERROR u.ItestListener [TestNG-tests-1] I came here onTestFailure of test --> [TestClass name=class test.testCases.SearchPageTestCases].test1
2020-05-01 18:07:12,853 ERROR u.ItestListener [TestNG-tests-1] failureReason --> org.openqa.selenium.TimeoutException: Expected condition failed: waiting for presence of element located by: By.name: btnKK (tried for 10 second(s) with 500 milliseconds interval)
2020-05-01 18:34:57,751 INFO t.t.BaseTest [TestNG-tests-1] Thread is -->Thread[TestNG-tests-1,5,main]
2020-05-01 18:34:57,754 INFO t.t.BaseTest [TestNG-tests-1] Initializing chrome browser
2020-05-01 18:35:01,985 INFO u.ItestListener [TestNG-tests-1] I came here onTestStart of test --> [TestClass name=class test.testCases.SearchPageTestCases].test1
2020-05-01 18:35:01,985 INFO t.t.SearchPageTestCases [TestNG-tests-1] typing url --> http://www.google.com
2020-05-01 18:35:18,769 INFO t.t.BaseTest [TestNG-tests-1] Thread is -->Thread[TestNG-tests-1,5,main]
2020-05-01 18:35:18,772 INFO t.t.BaseTest [TestNG-tests-1] Initializing chrome browser
2020-05-01 18:35:22,989 INFO u.ItestListener [TestNG-tests-1] I came here onTestStart of test --> [TestClass name=class test.testCases.SearchPageTestCases].test1
2020-05-01 18:35:22,989 INFO t.t.SearchPageTestCases [TestNG-tests-1] typing url --> http://www.google.com
2020-05-01 18:35:25,760 WARN t.t.SearchPageTestCases [TestNG-tests-1] Entering Text in Goole Search --> CoronaVirus
2020-05-01 18:35:27,953 ERROR u.ItestListener [TestNG-tests-1] I came here onTestFailure of test --> [TestClass name=class test.testCases.SearchPageTestCases].test1
2020-05-01 18:35:27,953 ERROR u.ItestListener [TestNG-tests-1] failureReason --> org.openqa.selenium.NoSuchElementException: no such element: Unable to locate element: {"method":"css selector","selector":"*[name='btnKK']"}
  (Session info: chrome=81.0.4044.122)
For documentation on this error, please visit: https://www.seleniumhq.org/exceptions/no_such_element.html
Build info: version: '3.141.59', revision: 'e82be7d358', time: '2018-11-14T08:17:03'
System info: host: 'LAPTOP-F72VL5U5', ip: '10.6.1.14', os.name: 'Windows 10', os.arch: 'amd64', os.version: '10.0', java.version: '1.8.0_241'
Driver info: org.openqa.selenium.chrome.ChromeDriver
Capabilities {acceptInsecureCerts: false, browserName: chrome, browserVersion: 81.0.4044.122, chrome: {chromedriverVersion: 81.0.4044.69 (6813546031a4b..., userDataDir: C:\Users\sharm\AppData\Loca...}, goog:chromeOptions: {debuggerAddress: localhost:53319}, javascriptEnabled: true, networkConnectionEnabled: false, pageLoadStrategy: normal, platform: WINDOWS, platformName: WINDOWS, proxy: Proxy(), setWindowRect: true, strictFileInteractability: false, timeouts: {implicit: 0, pageLoad: 300000, script: 30000}, unhandledPromptBehavior: dismiss and notify, webauthn:virtualAuthenticators: true}
Session ID: dcdb8ac990b7c5a512c2bea659d6ef81
*** Element info: {Using=name, value=btnKK}
2020-05-01 18:37:43,478 INFO t.t.BaseTest [TestNG-tests-1] Thread is -->Thread[TestNG-tests-1,5,main]
2020-05-01 18:37:43,481 INFO t.t.BaseTest [TestNG-tests-1] Initializing chrome browser
2020-05-01 18:37:47,719 INFO u.ItestListener [TestNG-tests-1] I came here onTestStart of test --> [TestClass name=class test.testCases.SearchPageTestCases].test1
2020-05-01 18:37:47,720 INFO t.t.SearchPageTestCases [TestNG-tests-1] typing url --> http://www.google.com
2020-05-01 18:37:51,019 WARN t.t.SearchPageTestCases [TestNG-tests-1] Entering Text in Goole Search --> CoronaVirus
2020-05-01 18:38:18,997 ERROR u.ItestListener [TestNG-tests-1] I came here onTestFailure of test --> [TestClass name=class test.testCases.SearchPageTestCases].test1
2020-05-01 18:38:18,997 ERROR u.ItestListener [TestNG-tests-1] failureReason --> org.openqa.selenium.NoSuchElementException: no such element: Unable to locate element: {"method":"css selector","selector":"*[name='btnKK']"}
  (Session info: chrome=81.0.4044.122)
For documentation on this error, please visit: https://www.seleniumhq.org/exceptions/no_such_element.html
Build info: version: '3.141.59', revision: 'e82be7d358', time: '2018-11-14T08:17:03'
System info: host: 'LAPTOP-F72VL5U5', ip: '10.6.1.14', os.name: 'Windows 10', os.arch: 'amd64', os.version: '10.0', java.version: '1.8.0_241'
Driver info: org.openqa.selenium.chrome.ChromeDriver
Capabilities {acceptInsecureCerts: false, browserName: chrome, browserVersion: 81.0.4044.122, chrome: {chromedriverVersion: 81.0.4044.69 (6813546031a4b..., userDataDir: C:\Users\sharm\AppData\Loca...}, goog:chromeOptions: {debuggerAddress: localhost:51500}, javascriptEnabled: true, networkConnectionEnabled: false, pageLoadStrategy: normal, platform: WINDOWS, platformName: WINDOWS, proxy: Proxy(), setWindowRect: true, strictFileInteractability: false, timeouts: {implicit: 0, pageLoad: 300000, script: 30000}, unhandledPromptBehavior: dismiss and notify, webauthn:virtualAuthenticators: true}
Session ID: a057b8fba36642f2fdec294d6004fccf
*** Element info: {Using=name, value=btnKK}
2020-05-01 18:46:07,711 INFO t.t.BaseTest [TestNG-tests-1] Thread is -->Thread[TestNG-tests-1,5,main]
2020-05-01 18:46:07,714 INFO t.t.BaseTest [TestNG-tests-1] Initializing chrome browser
2020-05-01 18:46:11,956 INFO u.ItestListener [TestNG-tests-1] I came here onTestStart of test --> [TestClass name=class test.testCases.SearchPageTestCases].test1
2020-05-01 18:46:11,956 INFO t.t.SearchPageTestCases [TestNG-tests-1] typing url --> http://www.google.com
2020-05-01 18:46:14,785 WARN t.t.SearchPageTestCases [TestNG-tests-1] Entering Text in Goole Search --> CoronaVirus
2020-05-01 18:47:16,168 ERROR u.ItestListener [TestNG-tests-1] I came here onTestFailure of test --> [TestClass name=class test.testCases.SearchPageTestCases].test1
2020-05-01 18:47:16,168 ERROR u.ItestListener [TestNG-tests-1] failureReason --> org.openqa.selenium.NoSuchElementException: no such element: Unable to locate element: {"method":"css selector","selector":"*[name='btnKK']"}
  (Session info: chrome=81.0.4044.122)
For documentation on this error, please visit: https://www.seleniumhq.org/exceptions/no_such_element.html
Build info: version: '3.141.59', revision: 'e82be7d358', time: '2018-11-14T08:17:03'
System info: host: 'LAPTOP-F72VL5U5', ip: '10.6.1.14', os.name: 'Windows 10', os.arch: 'amd64', os.version: '10.0', java.version: '1.8.0_241'
Driver info: org.openqa.selenium.chrome.ChromeDriver
Capabilities {acceptInsecureCerts: false, browserName: chrome, browserVersion: 81.0.4044.122, chrome: {chromedriverVersion: 81.0.4044.69 (6813546031a4b..., userDataDir: C:\Users\sharm\AppData\Loca...}, goog:chromeOptions: {debuggerAddress: localhost:51663}, javascriptEnabled: true, networkConnectionEnabled: false, pageLoadStrategy: normal, platform: WINDOWS, platformName: WINDOWS, proxy: Proxy(), setWindowRect: true, strictFileInteractability: false, timeouts: {implicit: 0, pageLoad: 300000, script: 30000}, unhandledPromptBehavior: dismiss and notify, webauthn:virtualAuthenticators: true}
Session ID: a56727de6c289b232d11c9c116bb4f43
*** Element info: {Using=name, value=btnKK}
2020-05-01 18:47:47,854 INFO t.t.BaseTest [TestNG-tests-1] Thread is -->Thread[TestNG-tests-1,5,main]
2020-05-01 18:47:47,856 INFO t.t.BaseTest [TestNG-tests-1] Initializing chrome browser
2020-05-01 18:47:52,062 INFO u.ItestListener [TestNG-tests-1] I came here onTestStart of test --> [TestClass name=class test.testCases.SearchPageTestCases].test1
2020-05-01 18:47:52,062 INFO t.t.SearchPageTestCases [TestNG-tests-1] typing url --> http://www.google.com
2020-05-01 18:47:54,805 WARN t.t.SearchPageTestCases [TestNG-tests-1] Entering Text in Goole Search --> CoronaVirus
2020-05-01 18:47:56,948 ERROR u.ItestListener [TestNG-tests-1] I came here onTestFailure of test --> [TestClass name=class test.testCases.SearchPageTestCases].test1
2020-05-01 18:47:56,948 ERROR u.ItestListener [TestNG-tests-1] failureReason --> org.openqa.selenium.NoSuchElementException: no such element: Unable to locate element: {"method":"css selector","selector":"*[name='btnKK']"}
  (Session info: chrome=81.0.4044.122)
For documentation on this error, please visit: https://www.seleniumhq.org/exceptions/no_such_element.html
Build info: version: '3.141.59', revision: 'e82be7d358', time: '2018-11-14T08:17:03'
System info: host: 'LAPTOP-F72VL5U5', ip: '10.6.1.14', os.name: 'Windows 10', os.arch: 'amd64', os.version: '10.0', java.version: '1.8.0_241'
Driver info: org.openqa.selenium.chrome.ChromeDriver
Capabilities {acceptInsecureCerts: false, browserName: chrome, browserVersion: 81.0.4044.122, chrome: {chromedriverVersion: 81.0.4044.69 (6813546031a4b..., userDataDir: C:\Users\sharm\AppData\Loca...}, goog:chromeOptions: {debuggerAddress: localhost:51724}, javascriptEnabled: true, networkConnectionEnabled: false, pageLoadStrategy: normal, platform: WINDOWS, platformName: WINDOWS, proxy: Proxy(), setWindowRect: true, strictFileInteractability: false, timeouts: {implicit: 0, pageLoad: 300000, script: 30000}, unhandledPromptBehavior: dismiss and notify, webauthn:virtualAuthenticators: true}
Session ID: 8777f06515042f461d3e25a942fd103d
*** Element info: {Using=name, value=btnKK}
2020-05-02 17:32:18,740 INFO t.t.BaseTest [TestNG-tests-1] Thread is -->Thread[TestNG-tests-1,5,main]
2020-05-02 17:32:18,747 INFO t.t.BaseTest [TestNG-tests-1] Initializing chrome browser
2020-05-02 17:32:26,697 INFO u.ItestListener [TestNG-tests-1] I came here onTestStart of test --> [TestClass name=class test.testCases.SearchPageTestCases].test1
2020-05-02 17:32:26,698 INFO t.t.SearchPageTestCases [TestNG-tests-1] typing url --> http://www.google.com
2020-05-02 17:32:30,452 WARN t.t.SearchPageTestCases [TestNG-tests-1] Entering Text in Goole Search --> CoronaVirus
2020-05-02 17:32:32,872 ERROR u.ItestListener [TestNG-tests-1] I came here onTestFailure of test --> [TestClass name=class test.testCases.SearchPageTestCases].test1
2020-05-02 17:32:32,873 ERROR u.ItestListener [TestNG-tests-1] failureReason --> org.openqa.selenium.NoSuchElementException: no such element: Unable to locate element: {"method":"css selector","selector":"*[name='btnKK']"}
  (Session info: chrome=81.0.4044.122)
For documentation on this error, please visit: https://www.seleniumhq.org/exceptions/no_such_element.html
Build info: version: '3.141.59', revision: 'e82be7d358', time: '2018-11-14T08:17:03'
System info: host: 'LAPTOP-F72VL5U5', ip: '10.6.2.195', os.name: 'Windows 10', os.arch: 'amd64', os.version: '10.0', java.version: '1.8.0_241'
Driver info: org.openqa.selenium.chrome.ChromeDriver
Capabilities {acceptInsecureCerts: false, browserName: chrome, browserVersion: 81.0.4044.122, chrome: {chromedriverVersion: 81.0.4044.69 (6813546031a4b..., userDataDir: C:\Users\sharm\AppData\Loca...}, goog:chromeOptions: {debuggerAddress: localhost:60608}, javascriptEnabled: true, networkConnectionEnabled: false, pageLoadStrategy: normal, platform: WINDOWS, platformName: WINDOWS, proxy: Proxy(), setWindowRect: true, strictFileInteractability: false, timeouts: {implicit: 0, pageLoad: 300000, script: 30000}, unhandledPromptBehavior: dismiss and notify, webauthn:virtualAuthenticators: true}
Session ID: 939467b73d80c1e635d2dfdbe286559c
*** Element info: {Using=name, value=btnKK}
2020-05-02 17:32:55,661 INFO t.t.BaseTest [TestNG-tests-1] Thread is -->Thread[TestNG-tests-1,5,main]
2020-05-02 17:32:55,668 INFO t.t.BaseTest [TestNG-tests-1] Initializing chrome browser
2020-05-02 17:33:02,706 INFO u.ItestListener [TestNG-tests-1] I came here onTestStart of test --> [TestClass name=class test.testCases.SearchPageTestCases].test1
2020-05-02 17:33:02,707 INFO t.t.SearchPageTestCases [TestNG-tests-1] typing url --> http://www.google.com
2020-05-02 17:33:06,351 WARN t.t.SearchPageTestCases [TestNG-tests-1] Entering Text in Goole Search --> CoronaVirus
2020-05-02 17:33:08,991 ERROR u.ItestListener [TestNG-tests-1] I came here onTestFailure of test --> [TestClass name=class test.testCases.SearchPageTestCases].test1
2020-05-02 17:33:08,991 ERROR u.ItestListener [TestNG-tests-1] failureReason --> org.openqa.selenium.NoSuchElementException: no such element: Unable to locate element: {"method":"css selector","selector":"*[name='btnKK']"}
  (Session info: chrome=81.0.4044.122)
For documentation on this error, please visit: https://www.seleniumhq.org/exceptions/no_such_element.html
Build info: version: '3.141.59', revision: 'e82be7d358', time: '2018-11-14T08:17:03'
System info: host: 'LAPTOP-F72VL5U5', ip: '10.6.2.195', os.name: 'Windows 10', os.arch: 'amd64', os.version: '10.0', java.version: '1.8.0_241'
Driver info: org.openqa.selenium.chrome.ChromeDriver
Capabilities {acceptInsecureCerts: false, browserName: chrome, browserVersion: 81.0.4044.122, chrome: {chromedriverVersion: 81.0.4044.69 (6813546031a4b..., userDataDir: C:\Users\sharm\AppData\Loca...}, goog:chromeOptions: {debuggerAddress: localhost:60634}, javascriptEnabled: true, networkConnectionEnabled: false, pageLoadStrategy: normal, platform: WINDOWS, platformName: WINDOWS, proxy: Proxy(), setWindowRect: true, strictFileInteractability: false, timeouts: {implicit: 0, pageLoad: 300000, script: 30000}, unhandledPromptBehavior: dismiss and notify, webauthn:virtualAuthenticators: true}
Session ID: 1c58f87fe0e54272be372fee28e7c22d
*** Element info: {Using=name, value=btnKK}
2020-05-02 17:33:57,509 INFO t.t.BaseTest [TestNG-tests-1] Thread is -->Thread[TestNG-tests-1,5,main]
2020-05-02 17:33:57,517 INFO t.t.BaseTest [TestNG-tests-1] Initializing chrome browser
2020-05-02 17:34:04,535 INFO u.ItestListener [TestNG-tests-1] I came here onTestStart of test --> [TestClass name=class test.testCases.SearchPageTestCases].test1
2020-05-02 17:34:04,536 INFO t.t.SearchPageTestCases [TestNG-tests-1] typing url --> http://www.google.com
2020-05-02 17:34:08,273 WARN t.t.SearchPageTestCases [TestNG-tests-1] Entering Text in Goole Search --> CoronaVirus
2020-05-02 17:34:11,266 ERROR t.t.SearchPageTestCases [TestNG-tests-1] Clicked Search
2020-05-02 17:34:11,274 INFO u.ItestListener [TestNG-tests-1] I came here onTestSuccess of test --> [TestClass name=class test.testCases.SearchPageTestCases].test1
2020-05-02 17:34:59,469 INFO t.t.BaseTest [TestNG-tests-1] Thread is -->Thread[TestNG-tests-1,5,main]
2020-05-02 17:34:59,477 INFO t.t.BaseTest [TestNG-tests-1] Initializing chrome browser
2020-05-02 17:35:06,695 INFO u.ItestListener [TestNG-tests-1] I came here onTestStart of test --> [TestClass name=class test.testCases.SearchPageTestCases].test1
2020-05-02 17:35:06,696 INFO t.t.SearchPageTestCases [TestNG-tests-1] typing url --> http://www.google.com
2020-05-02 17:35:10,539 WARN t.t.SearchPageTestCases [TestNG-tests-1] Entering Text in Goole Search --> CoronaVirus
2020-05-02 17:35:13,693 ERROR t.t.SearchPageTestCases [TestNG-tests-1] Clicked Search
2020-05-02 17:35:13,701 INFO u.ItestListener [TestNG-tests-1] I came here onTestSuccess of test --> [TestClass name=class test.testCases.SearchPageTestCases].test1
2020-05-02 17:35:35,719 INFO t.t.BaseTest [TestNG-tests-1] Thread is -->Thread[TestNG-tests-1,5,main]
2020-05-02 17:35:35,726 INFO t.t.BaseTest [TestNG-tests-1] Initializing chrome browser
2020-05-02 17:35:42,565 INFO u.ItestListener [TestNG-tests-1] I came here onTestStart of test --> [TestClass name=class test.testCases.SearchPageTestCases].test1
2020-05-02 17:35:42,565 INFO t.t.SearchPageTestCases [TestNG-tests-1] typing url --> http://www.google.com
2020-05-02 17:35:46,949 WARN t.t.SearchPageTestCases [TestNG-tests-1] Entering Text in Goole Search --> CoronaVirus
2020-05-02 17:35:48,511 ERROR u.ItestListener [TestNG-tests-1] I came here onTestFailure of test --> [TestClass name=class test.testCases.SearchPageTestCases].test1
2020-05-02 17:35:48,511 ERROR u.ItestListener [TestNG-tests-1] failureReason --> org.openqa.selenium.ElementClickInterceptedException: element click intercepted: Element <input class="gNO89b" value="Google Search" aria-label="Google Search" name="btnK" type="submit" data-ved="0ahUKEwjPlYikkZbpAhVYZM0KHQb5AaMQ4dUDCAk"> is not clickable at point (412, 565). Other element would receive the click: <div class="fbar">...</div>
  (Session info: headless chrome=81.0.4044.122)
Build info: version: '3.141.59', revision: 'e82be7d358', time: '2018-11-14T08:17:03'
System info: host: 'LAPTOP-F72VL5U5', ip: '10.6.2.195', os.name: 'Windows 10', os.arch: 'amd64', os.version: '10.0', java.version: '1.8.0_241'
Driver info: org.openqa.selenium.chrome.ChromeDriver
Capabilities {acceptInsecureCerts: false, browserName: chrome, browserVersion: 81.0.4044.122, chrome: {chromedriverVersion: 81.0.4044.69 (6813546031a4b..., userDataDir: C:\Users\sharm\AppData\Loca...}, goog:chromeOptions: {debuggerAddress: localhost:60727}, javascriptEnabled: true, networkConnectionEnabled: false, pageLoadStrategy: normal, platform: WINDOWS, platformName: WINDOWS, proxy: Proxy(), setWindowRect: true, strictFileInteractability: false, timeouts: {implicit: 0, pageLoad: 300000, script: 30000}, unhandledPromptBehavior: dismiss and notify, webauthn:virtualAuthenticators: true}
Session ID: d70682f7572c8643675500e12e9b1207
2020-05-02 17:36:27,413 INFO t.t.BaseTest [TestNG-tests-1] Thread is -->Thread[TestNG-tests-1,5,main]
2020-05-02 17:36:27,420 INFO t.t.BaseTest [TestNG-tests-1] Initializing chrome browser
2020-05-02 17:36:34,522 INFO u.ItestListener [TestNG-tests-1] I came here onTestStart of test --> [TestClass name=class test.testCases.SearchPageTestCases].test1
2020-05-02 17:36:34,523 INFO t.t.SearchPageTestCases [TestNG-tests-1] typing url --> http://www.google.com
2020-05-02 17:36:38,066 WARN t.t.SearchPageTestCases [TestNG-tests-1] Entering Text in Goole Search --> CoronaVirus
2020-05-02 17:36:40,383 ERROR t.t.SearchPageTestCases [TestNG-tests-1] Clicked Search
2020-05-02 17:36:40,389 INFO u.ItestListener [TestNG-tests-1] I came here onTestSuccess of test --> [TestClass name=class test.testCases.SearchPageTestCases].test1
2020-05-02 17:38:18,327 INFO t.t.BaseTest [TestNG-tests-1] Thread is -->Thread[TestNG-tests-1,5,main]
2020-05-02 17:38:18,335 INFO t.t.BaseTest [TestNG-tests-1] Initializing chrome browser
2020-05-02 17:38:25,517 INFO u.ItestListener [TestNG-tests-1] I came here onTestStart of test --> [TestClass name=class test.testCases.SearchPageTestCases].test1
2020-05-02 17:38:25,520 INFO t.t.SearchPageTestCases [TestNG-tests-1] typing url --> http://www.google.com
2020-05-02 17:38:29,107 WARN t.t.SearchPageTestCases [TestNG-tests-1] Entering Text in Goole Search --> CoronaVirus
2020-05-02 17:38:32,275 ERROR t.t.SearchPageTestCases [TestNG-tests-1] Clicked Search
2020-05-02 17:38:32,281 INFO u.ItestListener [TestNG-tests-1] I came here onTestSuccess of test --> [TestClass name=class test.testCases.SearchPageTestCases].test1
2020-05-02 18:18:12,869 INFO t.t.BaseTest [TestNG-tests-1] Thread is -->Thread[TestNG-tests-1,5,main]
2020-05-02 18:18:12,879 INFO t.t.BaseTest [TestNG-tests-1] Initializing chrome browser
2020-05-02 18:18:19,640 INFO u.ItestListener [TestNG-tests-1] I came here onTestStart of test --> [TestClass name=class test.testCases.SearchPageTestCases].test1
2020-05-02 18:18:19,641 INFO t.t.SearchPageTestCases [TestNG-tests-1] typing url --> http://www.google.com
2020-05-02 18:18:23,494 WARN t.t.SearchPageTestCases [TestNG-tests-1] Entering Text in Goole Search --> CoronaVirus
2020-05-02 18:18:26,562 ERROR t.t.SearchPageTestCases [TestNG-tests-1] Clicked Search
2020-05-02 18:18:26,569 INFO u.ItestListener [TestNG-tests-1] I came here onTestSuccess of test --> [TestClass name=class test.testCases.SearchPageTestCases].test1
2020-05-03 00:51:10,926 INFO t.t.BaseTest [TestNG-tests-1] Thread is -->Thread[TestNG-tests-1,5,main]
2020-05-03 00:51:10,933 INFO t.t.BaseTest [TestNG-tests-1] Initializing chrome browser
2020-05-03 00:51:17,328 INFO u.ItestListener [TestNG-tests-1] I came here onTestStart of test --> [TestClass name=class test.testCases.SearchPageTestCases].test1
2020-05-03 00:51:17,329 INFO t.t.SearchPageTestCases [TestNG-tests-1] typing url --> http://www.google.com
2020-05-03 00:51:20,681 WARN t.t.SearchPageTestCases [TestNG-tests-1] Entering Text in Goole Search --> CoronaVirus
2020-05-03 00:51:23,176 ERROR t.t.SearchPageTestCases [TestNG-tests-1] Clicked Search
2020-05-03 00:51:23,183 INFO u.ItestListener [TestNG-tests-1] I came here onTestSuccess of test --> [TestClass name=class test.testCases.SearchPageTestCases].test1
2020-05-03 00:52:01,536 INFO t.t.BaseTest [TestNG-tests-1] Thread is -->Thread[TestNG-tests-1,5,main]
2020-05-03 00:52:01,544 INFO t.t.BaseTest [TestNG-tests-1] Initializing chrome browser
2020-05-03 00:52:07,726 INFO u.ItestListener [TestNG-tests-1] I came here onTestStart of test --> [TestClass name=class test.testCases.SearchPageTestCases].test1
2020-05-03 00:52:07,726 INFO t.t.SearchPageTestCases [TestNG-tests-1] typing url --> http://www.google.com
2020-05-03 00:52:11,119 WARN t.t.SearchPageTestCases [TestNG-tests-1] Entering Text in Goole Search --> CoronaVirus
2020-05-03 00:52:13,497 ERROR t.t.SearchPageTestCases [TestNG-tests-1] Clicked Search
2020-05-03 00:52:13,505 INFO u.ItestListener [TestNG-tests-1] I came here onTestSuccess of test --> [TestClass name=class test.testCases.SearchPageTestCases].test1
2020-05-03 01:21:05,961 INFO t.t.BaseTest [TestNG-tests-1] Thread is -->Thread[TestNG-tests-1,5,main]
2020-05-03 01:21:05,969 INFO t.t.BaseTest [TestNG-tests-1] Initializing chrome browser
2020-05-03 01:21:12,486 INFO u.ItestListener [TestNG-tests-1] I came here onTestStart of test --> [TestClass name=class test.testCases.SearchPageTestCases].test1
2020-05-03 01:21:12,486 INFO t.t.SearchPageTestCases [TestNG-tests-1] typing url --> http://www.google.com
2020-05-03 01:21:15,952 WARN t.t.SearchPageTestCases [TestNG-tests-1] Entering Text in Goole Search --> CoronaVirus
2020-05-03 01:21:18,852 ERROR t.t.SearchPageTestCases [TestNG-tests-1] Clicked Search
2020-05-03 01:21:18,859 INFO u.ItestListener [TestNG-tests-1] I came here onTestSuccess of test --> [TestClass name=class test.testCases.SearchPageTestCases].test1
2020-05-03 01:22:00,300 INFO t.t.BaseTest [TestNG-tests-1] Thread is -->Thread[TestNG-tests-1,5,main]
2020-05-03 01:22:00,307 INFO t.t.BaseTest [TestNG-tests-1] Initializing chrome browser
2020-05-03 01:22:06,730 INFO u.ItestListener [TestNG-tests-1] I came here onTestStart of test --> [TestClass name=class test.testCases.SearchPageTestCases].test1
2020-05-03 01:22:06,731 INFO t.t.SearchPageTestCases [TestNG-tests-1] typing url --> http://www.google.com
2020-05-03 01:22:10,224 WARN t.t.SearchPageTestCases [TestNG-tests-1] Entering Text in Goole Search --> CoronaVirus
2020-05-03 01:22:12,687 ERROR t.t.SearchPageTestCases [TestNG-tests-1] Clicked Search
2020-05-03 01:22:12,692 INFO u.ItestListener [TestNG-tests-1] I came here onTestSuccess of test --> [TestClass name=class test.testCases.SearchPageTestCases].test1
2020-05-03 01:25:15,411 INFO t.t.BaseTest [TestNG-tests-1] Thread is -->Thread[TestNG-tests-1,5,main]
2020-05-03 01:25:15,419 INFO t.t.BaseTest [TestNG-tests-1] Initializing chrome browser
2020-05-03 01:25:21,897 INFO u.ItestListener [TestNG-tests-1] I came here onTestStart of test --> [TestClass name=class test.testCases.SearchPageTestCases].test1
2020-05-03 01:25:21,898 INFO t.t.SearchPageTestCases [TestNG-tests-1] typing url --> http://www.google.com
2020-05-03 01:25:25,466 WARN t.t.SearchPageTestCases [TestNG-tests-1] Entering Text in Goole Search --> CoronaVirus
2020-05-03 01:25:28,211 ERROR t.t.SearchPageTestCases [TestNG-tests-1] Clicked Search
2020-05-03 01:25:28,220 INFO u.ItestListener [TestNG-tests-1] I came here onTestSuccess of test --> [TestClass name=class test.testCases.SearchPageTestCases].test1
2020-05-03 01:25:29,043 INFO t.t.BaseTest [TestNG-tests-1] Thread is -->Thread[TestNG-tests-1,5,main]
2020-05-03 01:25:29,043 INFO t.t.BaseTest [TestNG-tests-1] Initializing chrome browser
2020-05-03 01:25:33,416 INFO u.ItestListener [TestNG-tests-1] I came here onTestStart of test --> [TestClass name=class test.testCases.retryFailedDemo].testF1
2020-05-03 01:25:33,425 ERROR u.ItestListener [TestNG-tests-1] I came here onTestSkipped of test --> [TestClass name=class test.testCases.retryFailedDemo].testF1
2020-05-03 01:25:33,426 ERROR u.ItestListener [TestNG-tests-1] skipReason --> java.lang.AssertionError: expected [false] but found [true]
2020-05-03 01:25:34,233 INFO t.t.BaseTest [TestNG-tests-1] Thread is -->Thread[TestNG-tests-1,5,main]
2020-05-03 01:25:34,233 INFO t.t.BaseTest [TestNG-tests-1] Initializing chrome browser
2020-05-03 01:25:38,623 INFO u.ItestListener [TestNG-tests-1] I came here onTestStart of test --> [TestClass name=class test.testCases.retryFailedDemo].testF1
2020-05-03 01:25:38,630 ERROR u.ItestListener [TestNG-tests-1] I came here onTestSkipped of test --> [TestClass name=class test.testCases.retryFailedDemo].testF1
2020-05-03 01:25:38,631 ERROR u.ItestListener [TestNG-tests-1] skipReason --> java.lang.AssertionError: expected [false] but found [true]
2020-05-03 01:25:39,475 INFO t.t.BaseTest [TestNG-tests-1] Thread is -->Thread[TestNG-tests-1,5,main]
2020-05-03 01:25:39,476 INFO t.t.BaseTest [TestNG-tests-1] Initializing chrome browser
2020-05-03 01:25:44,133 INFO u.ItestListener [TestNG-tests-1] I came here onTestStart of test --> [TestClass name=class test.testCases.retryFailedDemo].testF1
2020-05-03 01:25:44,137 ERROR u.ItestListener [TestNG-tests-1] I came here onTestSkipped of test --> [TestClass name=class test.testCases.retryFailedDemo].testF1
2020-05-03 01:25:44,137 ERROR u.ItestListener [TestNG-tests-1] skipReason --> java.lang.AssertionError: expected [false] but found [true]
2020-05-03 01:25:47,111 INFO t.t.BaseTest [TestNG-tests-1] Thread is -->Thread[TestNG-tests-1,5,main]
2020-05-03 01:25:47,111 INFO t.t.BaseTest [TestNG-tests-1] Initializing chrome browser
2020-05-03 01:25:58,264 INFO u.ItestListener [TestNG-tests-1] I came here onTestStart of test --> [TestClass name=class test.testCases.retryFailedDemo].testF1
2020-05-03 01:25:58,269 ERROR u.ItestListener [TestNG-tests-1] I came here onTestFailure of test --> [TestClass name=class test.testCases.retryFailedDemo].testF1
2020-05-03 01:25:58,269 ERROR u.ItestListener [TestNG-tests-1] failureReason --> java.lang.AssertionError: expected [false] but found [true]
2020-05-03 01:26:24,818 INFO t.t.BaseTest [TestNG-tests-1] Thread is -->Thread[TestNG-tests-1,5,main]
2020-05-03 01:26:24,818 INFO t.t.BaseTest [TestNG-tests-1] Initializing chrome browser
2020-05-03 01:26:30,080 INFO u.ItestListener [TestNG-tests-1] I came here onTestStart of test --> [TestClass name=class test.testCases.retryFailedDemo].testF2
2020-05-03 01:26:30,084 ERROR u.ItestListener [TestNG-tests-1] I came here onTestFailure of test --> [TestClass name=class test.testCases.retryFailedDemo].testF2
2020-05-03 01:26:30,085 ERROR u.ItestListener [TestNG-tests-1] failureReason --> java.lang.ArithmeticException: / by zero
2020-05-03 01:26:31,096 INFO t.t.BaseTest [TestNG-tests-1] Thread is -->Thread[TestNG-tests-1,5,main]
2020-05-03 01:26:31,096 INFO t.t.BaseTest [TestNG-tests-1] Initializing chrome browser
2020-05-03 01:26:35,704 INFO u.ItestListener [TestNG-tests-1] I came here onTestStart of test --> [TestClass name=class test.testCases.retryFailedDemo].testF3
2020-05-03 01:26:35,707 ERROR u.ItestListener [TestNG-tests-1] I came here onTestFailure of test --> [TestClass name=class test.testCases.retryFailedDemo].testF3
2020-05-03 01:26:35,708 ERROR u.ItestListener [TestNG-tests-1] failureReason --> java.lang.AssertionError: expected [false] but found [true]
2020-05-04 20:30:43,932 INFO t.t.BaseTest [TestNG-tests-1] Thread is -->Thread[TestNG-tests-1,5,main]
2020-05-04 20:30:43,941 INFO t.t.BaseTest [TestNG-tests-1] Initializing chrome browser
2020-05-04 21:16:01,832 INFO t.t.BaseTest [TestNG-tests-1] Thread is -->Thread[TestNG-tests-1,5,main]
2020-05-04 21:16:01,840 INFO t.t.BaseTest [TestNG-tests-1] Initializing chrome browser
2020-05-04 21:16:08,337 INFO u.ItestListener [TestNG-tests-1] I came here onTestStart of test --> [TestClass name=class test.testCases.retryFailedDemo].testF1
2020-05-04 21:16:08,344 INFO u.ItestListener [TestNG-tests-1] I came here onTestSuccess of test --> [TestClass name=class test.testCases.retryFailedDemo].testF1
2020-05-04 21:16:09,225 INFO t.t.BaseTest [TestNG-tests-1] Thread is -->Thread[TestNG-tests-1,5,main]
2020-05-04 21:16:09,225 INFO t.t.BaseTest [TestNG-tests-1] Initializing chrome browser
2020-05-04 21:16:13,629 INFO u.ItestListener [TestNG-tests-1] I came here onTestStart of test --> [TestClass name=class test.testCases.retryFailedDemo].testF2
2020-05-04 21:16:13,636 ERROR u.ItestListener [TestNG-tests-1] I came here onTestFailure of test --> [TestClass name=class test.testCases.retryFailedDemo].testF2
2020-05-04 21:16:13,637 ERROR u.ItestListener [TestNG-tests-1] failureReason --> java.lang.ArithmeticException: / by zero
2020-05-04 21:16:13,645 ERROR u.ItestListener [TestNG-tests-1] I came here onTestFailure of test --> [TestClass name=class test.testCases.retryFailedDemo].testF2
2020-05-04 21:16:13,646 ERROR u.ItestListener [TestNG-tests-1] failureReason --> java.lang.NullPointerException
2020-05-04 21:17:26,975 INFO t.t.BaseTest [TestNG-tests-1] Thread is -->Thread[TestNG-tests-1,5,main]
2020-05-04 21:17:26,983 INFO t.t.BaseTest [TestNG-tests-1] Initializing chrome browser
2020-05-04 21:17:33,470 INFO u.ItestListener [TestNG-tests-1] I came here onTestStart of test --> [TestClass name=class test.testCases.retryFailedDemo].testF1
2020-05-04 21:17:33,478 INFO u.ItestListener [TestNG-tests-1] I came here onTestSuccess of test --> [TestClass name=class test.testCases.retryFailedDemo].testF1
2020-05-04 21:17:34,337 INFO t.t.BaseTest [TestNG-tests-1] Thread is -->Thread[TestNG-tests-1,5,main]
2020-05-04 21:17:34,338 INFO t.t.BaseTest [TestNG-tests-1] Initializing chrome browser
2020-05-04 21:17:38,735 INFO u.ItestListener [TestNG-tests-1] I came here onTestStart of test --> [TestClass name=class test.testCases.retryFailedDemo].testF2
2020-05-04 21:17:38,741 ERROR u.ItestListener [TestNG-tests-1] I came here onTestFailure of test --> [TestClass name=class test.testCases.retryFailedDemo].testF2
2020-05-04 21:17:38,742 ERROR u.ItestListener [TestNG-tests-1] failureReason --> java.lang.ArithmeticException: / by zero
2020-05-04 21:17:38,752 ERROR u.ItestListener [TestNG-tests-1] I came here onTestFailure of test --> [TestClass name=class test.testCases.retryFailedDemo].testF2
2020-05-04 21:17:38,753 ERROR u.ItestListener [TestNG-tests-1] failureReason --> java.lang.NullPointerException
2020-05-04 21:18:28,761 INFO t.t.BaseTest [TestNG-tests-1] Thread is -->Thread[TestNG-tests-1,5,main]
2020-05-04 21:18:28,769 INFO t.t.BaseTest [TestNG-tests-1] Initializing chrome browser
2020-05-04 21:18:35,386 INFO u.ItestListener [TestNG-tests-1] I came here onTestStart of test --> [TestClass name=class test.testCases.retryFailedDemo].testF1
2020-05-04 21:18:35,396 INFO u.ItestListener [TestNG-tests-1] I came here onTestSuccess of test --> [TestClass name=class test.testCases.retryFailedDemo].testF1
2020-05-04 21:18:36,295 INFO t.t.BaseTest [TestNG-tests-1] Thread is -->Thread[TestNG-tests-1,5,main]
2020-05-04 21:18:36,295 INFO t.t.BaseTest [TestNG-tests-1] Initializing chrome browser
2020-05-04 21:18:40,678 INFO u.ItestListener [TestNG-tests-1] I came here onTestStart of test --> [TestClass name=class test.testCases.retryFailedDemo].testF2
2020-05-04 21:18:40,685 ERROR u.ItestListener [TestNG-tests-1] I came here onTestFailure of test --> [TestClass name=class test.testCases.retryFailedDemo].testF2
2020-05-04 21:18:40,686 ERROR u.ItestListener [TestNG-tests-1] failureReason --> java.lang.ArithmeticException: / by zero
2020-05-04 21:18:40,694 ERROR u.ItestListener [TestNG-tests-1] I came here onTestFailure of test --> [TestClass name=class test.testCases.retryFailedDemo].testF2
2020-05-04 21:18:40,695 ERROR u.ItestListener [TestNG-tests-1] failureReason --> java.lang.NullPointerException
2020-05-04 21:21:35,812 INFO t.t.BaseTest [TestNG-tests-1] Thread is -->Thread[TestNG-tests-1,5,main]
2020-05-04 21:21:35,820 INFO t.t.BaseTest [TestNG-tests-1] Initializing chrome browser
2020-05-04 21:21:42,476 INFO u.ItestListener [TestNG-tests-1] I came here onTestStart of test --> [TestClass name=class test.testCases.retryFailedDemo].testF1
2020-05-04 21:21:42,485 INFO u.ItestListener [TestNG-tests-1] I came here onTestSuccess of test --> [TestClass name=class test.testCases.retryFailedDemo].testF1
2020-05-04 21:21:43,406 INFO t.t.BaseTest [TestNG-tests-1] Thread is -->Thread[TestNG-tests-1,5,main]
2020-05-04 21:21:43,406 INFO t.t.BaseTest [TestNG-tests-1] Initializing chrome browser
2020-05-04 21:21:47,899 INFO u.ItestListener [TestNG-tests-1] I came here onTestStart of test --> [TestClass name=class test.testCases.retryFailedDemo].testF2
2020-05-04 21:21:47,906 ERROR u.ItestListener [TestNG-tests-1] I came here onTestFailure of test --> [TestClass name=class test.testCases.retryFailedDemo].testF2
2020-05-04 21:21:47,907 ERROR u.ItestListener [TestNG-tests-1] failureReason --> java.lang.ArithmeticException: / by zero
2020-05-04 21:21:49,161 INFO t.t.BaseTest [TestNG-tests-1] Thread is -->Thread[TestNG-tests-1,5,main]
2020-05-04 21:21:49,161 INFO t.t.BaseTest [TestNG-tests-1] Initializing chrome browser
2020-05-04 21:21:53,650 INFO u.ItestListener [TestNG-tests-1] I came here onTestStart of test --> [TestClass name=class test.testCases.retryFailedDemo].testF3
2020-05-04 21:21:53,653 INFO u.ItestListener [TestNG-tests-1] I came here onTestSuccess of test --> [TestClass name=class test.testCases.retryFailedDemo].testF3
2020-05-04 21:22:41,229 INFO t.t.BaseTest [TestNG-tests-1] Thread is -->Thread[TestNG-tests-1,5,main]
2020-05-04 21:22:41,237 INFO t.t.BaseTest [TestNG-tests-1] Initializing chrome browser
2020-05-04 21:22:47,793 INFO u.ItestListener [TestNG-tests-1] I came here onTestStart of test --> [TestClass name=class test.testCases.retryFailedDemo].testF1
2020-05-04 21:22:47,801 INFO u.ItestListener [TestNG-tests-1] I came here onTestSuccess of test --> [TestClass name=class test.testCases.retryFailedDemo].testF1
2020-05-04 21:22:48,691 INFO t.t.BaseTest [TestNG-tests-1] Thread is -->Thread[TestNG-tests-1,5,main]
2020-05-04 21:22:48,691 INFO t.t.BaseTest [TestNG-tests-1] Initializing chrome browser
2020-05-04 21:22:53,129 INFO u.ItestListener [TestNG-tests-1] I came here onTestStart of test --> [TestClass name=class test.testCases.retryFailedDemo].testF2
2020-05-04 21:22:53,136 ERROR u.ItestListener [TestNG-tests-1] I came here onTestFailure of test --> [TestClass name=class test.testCases.retryFailedDemo].testF2
2020-05-04 21:22:53,137 ERROR u.ItestListener [TestNG-tests-1] failureReason --> java.lang.ArithmeticException: / by zero
2020-05-04 21:22:54,400 INFO t.t.BaseTest [TestNG-tests-1] Thread is -->Thread[TestNG-tests-1,5,main]
2020-05-04 21:22:54,400 INFO t.t.BaseTest [TestNG-tests-1] Initializing chrome browser
2020-05-04 21:22:58,866 INFO u.ItestListener [TestNG-tests-1] I came here onTestStart of test --> [TestClass name=class test.testCases.retryFailedDemo].testF3
2020-05-04 21:22:58,868 INFO u.ItestListener [TestNG-tests-1] I came here onTestSuccess of test --> [TestClass name=class test.testCases.retryFailedDemo].testF3
2020-05-04 21:45:44,225 INFO t.t.BaseTest [TestNG-tests-1] Thread is -->Thread[TestNG-tests-1,5,main]
2020-05-04 21:45:44,232 INFO t.t.BaseTest [TestNG-tests-1] Initializing chrome browser
2020-05-04 21:45:51,170 INFO u.ItestListener [TestNG-tests-1] I came here onTestStart of test --> [TestClass name=class test.testCases.retryFailedDemo].testF1
2020-05-04 21:45:51,180 INFO u.ItestListener [TestNG-tests-1] I came here onTestSuccess of test --> [TestClass name=class test.testCases.retryFailedDemo].testF1
2020-05-04 21:45:52,565 INFO t.t.BaseTest [TestNG-tests-1] Thread is -->Thread[TestNG-tests-1,5,main]
2020-05-04 21:45:52,565 INFO t.t.BaseTest [TestNG-tests-1] Initializing chrome browser
2020-05-04 21:45:57,192 INFO u.ItestListener [TestNG-tests-1] I came here onTestStart of test --> [TestClass name=class test.testCases.retryFailedDemo].testF2
2020-05-04 21:45:57,203 ERROR u.ItestListener [TestNG-tests-1] I came here onTestFailure of test --> [TestClass name=class test.testCases.retryFailedDemo].testF2
2020-05-04 21:45:57,204 ERROR u.ItestListener [TestNG-tests-1] failureReason --> java.lang.ArithmeticException: / by zero
2020-05-04 21:45:58,534 INFO t.t.BaseTest [TestNG-tests-1] Thread is -->Thread[TestNG-tests-1,5,main]
2020-05-04 21:45:58,534 INFO t.t.BaseTest [TestNG-tests-1] Initializing chrome browser
2020-05-04 21:46:03,025 INFO u.ItestListener [TestNG-tests-1] I came here onTestStart of test --> [TestClass name=class test.testCases.retryFailedDemo].testF3
2020-05-04 21:46:03,028 INFO u.ItestListener [TestNG-tests-1] I came here onTestSuccess of test --> [TestClass name=class test.testCases.retryFailedDemo].testF3
2020-05-04 21:48:05,390 INFO t.t.BaseTest [TestNG-tests-1] Thread is -->Thread[TestNG-tests-1,5,main]
2020-05-04 21:48:05,398 INFO t.t.BaseTest [TestNG-tests-1] Initializing chrome browser
2020-05-04 21:48:12,504 INFO u.ItestListener [TestNG-tests-1] I came here onTestStart of test --> [TestClass name=class test.testCases.retryFailedDemo].testF1
2020-05-04 21:48:12,514 INFO u.ItestListener [TestNG-tests-1] I came here onTestSuccess of test --> [TestClass name=class test.testCases.retryFailedDemo].testF1
2020-05-04 21:48:13,412 INFO t.t.BaseTest [TestNG-tests-1] Thread is -->Thread[TestNG-tests-1,5,main]
2020-05-04 21:48:13,412 INFO t.t.BaseTest [TestNG-tests-1] Initializing chrome browser
2020-05-04 21:48:18,083 INFO u.ItestListener [TestNG-tests-1] I came here onTestStart of test --> [TestClass name=class test.testCases.retryFailedDemo].testF2
2020-05-04 21:48:18,126 ERROR u.ItestListener [TestNG-tests-1] I came here onTestFailure of test --> [TestClass name=class test.testCases.retryFailedDemo].testF2
2020-05-04 21:48:18,127 ERROR u.ItestListener [TestNG-tests-1] failureReason --> org.openqa.selenium.InvalidArgumentException: invalid argument
  (Session info: chrome=81.0.4044.129)
Build info: version: '3.141.59', revision: 'e82be7d358', time: '2018-11-14T08:17:03'
System info: host: 'LAPTOP-F72VL5U5', ip: '192.168.0.11', os.name: 'Windows 10', os.arch: 'amd64', os.version: '10.0', java.version: '1.8.0_241'
Driver info: org.openqa.selenium.chrome.ChromeDriver
Capabilities {acceptInsecureCerts: false, browserName: chrome, browserVersion: 81.0.4044.129, chrome: {chromedriverVersion: 81.0.4044.69 (6813546031a4b..., userDataDir: C:\Users\sharm\AppData\Loca...}, goog:chromeOptions: {debuggerAddress: localhost:64939}, javascriptEnabled: true, networkConnectionEnabled: false, pageLoadStrategy: normal, platform: WINDOWS, platformName: WINDOWS, proxy: Proxy(), setWindowRect: true, strictFileInteractability: false, timeouts: {implicit: 0, pageLoad: 300000, script: 30000}, unhandledPromptBehavior: dismiss and notify, webauthn:virtualAuthenticators: true}
Session ID: ba179316b25654c6339e756ec67c9a54
2020-05-04 21:48:19,429 INFO t.t.BaseTest [TestNG-tests-1] Thread is -->Thread[TestNG-tests-1,5,main]
2020-05-04 21:48:19,430 INFO t.t.BaseTest [TestNG-tests-1] Initializing chrome browser
2020-05-04 21:48:23,938 INFO u.ItestListener [TestNG-tests-1] I came here onTestStart of test --> [TestClass name=class test.testCases.retryFailedDemo].testF3
2020-05-04 21:48:23,942 INFO u.ItestListener [TestNG-tests-1] I came here onTestSuccess of test --> [TestClass name=class test.testCases.retryFailedDemo].testF3
2020-05-04 21:48:44,456 INFO t.t.BaseTest [TestNG-tests-1] Thread is -->Thread[TestNG-tests-1,5,main]
2020-05-04 21:48:44,464 INFO t.t.BaseTest [TestNG-tests-1] Initializing chrome browser
2020-05-04 21:48:51,315 INFO u.ItestListener [TestNG-tests-1] I came here onTestStart of test --> [TestClass name=class test.testCases.retryFailedDemo].testF1
2020-05-04 21:48:51,325 INFO u.ItestListener [TestNG-tests-1] I came here onTestSuccess of test --> [TestClass name=class test.testCases.retryFailedDemo].testF1
2020-05-04 21:48:52,267 INFO t.t.BaseTest [TestNG-tests-1] Thread is -->Thread[TestNG-tests-1,5,main]
2020-05-04 21:48:52,268 INFO t.t.BaseTest [TestNG-tests-1] Initializing chrome browser
2020-05-04 21:48:56,881 INFO u.ItestListener [TestNG-tests-1] I came here onTestStart of test --> [TestClass name=class test.testCases.retryFailedDemo].testF2
2020-05-04 21:48:56,935 ERROR u.ItestListener [TestNG-tests-1] I came here onTestFailure of test --> [TestClass name=class test.testCases.retryFailedDemo].testF2
2020-05-04 21:48:56,936 ERROR u.ItestListener [TestNG-tests-1] failureReason --> org.openqa.selenium.InvalidArgumentException: invalid argument
  (Session info: chrome=81.0.4044.129)
Build info: version: '3.141.59', revision: 'e82be7d358', time: '2018-11-14T08:17:03'
System info: host: 'LAPTOP-F72VL5U5', ip: '192.168.0.11', os.name: 'Windows 10', os.arch: 'amd64', os.version: '10.0', java.version: '1.8.0_241'
Driver info: org.openqa.selenium.chrome.ChromeDriver
Capabilities {acceptInsecureCerts: false, browserName: chrome, browserVersion: 81.0.4044.129, chrome: {chromedriverVersion: 81.0.4044.69 (6813546031a4b..., userDataDir: C:\Users\sharm\AppData\Loca...}, goog:chromeOptions: {debuggerAddress: localhost:49577}, javascriptEnabled: true, networkConnectionEnabled: false, pageLoadStrategy: normal, platform: WINDOWS, platformName: WINDOWS, proxy: Proxy(), setWindowRect: true, strictFileInteractability: false, timeouts: {implicit: 0, pageLoad: 300000, script: 30000}, unhandledPromptBehavior: dismiss and notify, webauthn:virtualAuthenticators: true}
Session ID: 1458bafb92e5bc9289d6b2f29dd8cbc9
2020-05-04 21:48:58,469 INFO t.t.BaseTest [TestNG-tests-1] Thread is -->Thread[TestNG-tests-1,5,main]
2020-05-04 21:48:58,469 INFO t.t.BaseTest [TestNG-tests-1] Initializing chrome browser
2020-05-04 21:49:03,268 INFO u.ItestListener [TestNG-tests-1] I came here onTestStart of test --> [TestClass name=class test.testCases.retryFailedDemo].testF3
2020-05-04 21:49:03,271 INFO u.ItestListener [TestNG-tests-1] I came here onTestSuccess of test --> [TestClass name=class test.testCases.retryFailedDemo].testF3
2020-05-04 21:50:16,236 INFO t.t.BaseTest [TestNG-tests-1] Thread is -->Thread[TestNG-tests-1,5,main]
2020-05-04 21:50:16,243 INFO t.t.BaseTest [TestNG-tests-1] Initializing chrome browser
2020-05-04 21:50:23,019 INFO u.ItestListener [TestNG-tests-1] I came here onTestStart of test --> [TestClass name=class test.testCases.retryFailedDemo].testF1
2020-05-04 21:50:23,027 INFO u.ItestListener [TestNG-tests-1] I came here onTestSuccess of test --> [TestClass name=class test.testCases.retryFailedDemo].testF1
2020-05-04 21:50:23,960 INFO t.t.BaseTest [TestNG-tests-1] Thread is -->Thread[TestNG-tests-1,5,main]
2020-05-04 21:50:23,960 INFO t.t.BaseTest [TestNG-tests-1] Initializing chrome browser
2020-05-04 21:50:28,505 INFO u.ItestListener [TestNG-tests-1] I came here onTestStart of test --> [TestClass name=class test.testCases.retryFailedDemo].testF2
2020-05-04 21:50:28,506 INFO t.t.retryFailedDemo [TestNG-tests-1] typing url --> http://www.google.com
2020-05-04 21:50:33,088 ERROR u.ItestListener [TestNG-tests-1] I came here onTestFailure of test --> [TestClass name=class test.testCases.retryFailedDemo].testF2
2020-05-04 21:50:33,088 ERROR u.ItestListener [TestNG-tests-1] failureReason --> java.lang.ArithmeticException: / by zero
2020-05-04 21:50:34,516 INFO t.t.BaseTest [TestNG-tests-1] Thread is -->Thread[TestNG-tests-1,5,main]
2020-05-04 21:50:34,517 INFO t.t.BaseTest [TestNG-tests-1] Initializing chrome browser
2020-05-04 21:50:39,363 INFO u.ItestListener [TestNG-tests-1] I came here onTestStart of test --> [TestClass name=class test.testCases.retryFailedDemo].testF3
2020-05-04 21:50:39,365 INFO u.ItestListener [TestNG-tests-1] I came here onTestSuccess of test --> [TestClass name=class test.testCases.retryFailedDemo].testF3
2020-05-05 00:00:05,632 INFO u.ItestListener [TestNG-tests-1] I came here onTestStart of test --> [TestClass name=class test.testCases.GroupTest1].test1
2020-05-05 00:00:05,642 INFO u.ItestListener [TestNG-tests-1] I came here onTestSuccess of test --> [TestClass name=class test.testCases.GroupTest1].test1
2020-05-05 00:00:05,644 INFO u.ItestListener [TestNG-tests-1] I came here onTestStart of test --> [TestClass name=class test.testCases.GroupTest1].test2
2020-05-05 00:00:05,644 INFO u.ItestListener [TestNG-tests-1] I came here onTestSuccess of test --> [TestClass name=class test.testCases.GroupTest1].test2
2020-05-05 00:00:36,428 INFO u.ItestListener [TestNG-tests-1] I came here onTestStart of test --> [TestClass name=class test.testCases.GroupTest1].test1
2020-05-05 00:00:36,440 INFO u.ItestListener [TestNG-tests-1] I came here onTestSuccess of test --> [TestClass name=class test.testCases.GroupTest1].test1
2020-05-05 00:00:36,443 INFO u.ItestListener [TestNG-tests-1] I came here onTestStart of test --> [TestClass name=class test.testCases.GroupTest1].test2
2020-05-05 00:00:36,445 INFO u.ItestListener [TestNG-tests-1] I came here onTestSuccess of test --> [TestClass name=class test.testCases.GroupTest1].test2
2020-05-05 00:00:36,447 INFO u.ItestListener [TestNG-tests-1] I came here onTestStart of test --> [TestClass name=class test.testCases.GroupTest1].test3
2020-05-05 00:00:36,448 INFO u.ItestListener [TestNG-tests-1] I came here onTestSuccess of test --> [TestClass name=class test.testCases.GroupTest1].test3
2020-05-05 00:01:13,302 INFO u.ItestListener [TestNG-tests-1] I came here onTestStart of test --> [TestClass name=class test.testCases.GroupTest1].test1
2020-05-05 00:01:13,313 INFO u.ItestListener [TestNG-tests-1] I came here onTestSuccess of test --> [TestClass name=class test.testCases.GroupTest1].test1
2020-05-05 00:01:13,314 INFO u.ItestListener [TestNG-tests-1] I came here onTestStart of test --> [TestClass name=class test.testCases.GroupTest1].test2
2020-05-05 00:01:13,315 INFO u.ItestListener [TestNG-tests-1] I came here onTestSuccess of test --> [TestClass name=class test.testCases.GroupTest1].test2
2020-05-05 00:01:13,316 INFO u.ItestListener [TestNG-tests-1] I came here onTestStart of test --> [TestClass name=class test.testCases.GroupTest1].test3
2020-05-05 00:01:13,317 INFO u.ItestListener [TestNG-tests-1] I came here onTestSuccess of test --> [TestClass name=class test.testCases.GroupTest1].test3
2020-05-05 00:01:28,728 INFO u.ItestListener [TestNG-tests-1] I came here onTestStart of test --> [TestClass name=class test.testCases.GroupTest1].test3
2020-05-05 00:01:28,738 INFO u.ItestListener [TestNG-tests-1] I came here onTestSuccess of test --> [TestClass name=class test.testCases.GroupTest1].test3
2020-05-05 00:01:28,740 INFO u.ItestListener [TestNG-tests-1] I came here onTestStart of test --> [TestClass name=class test.testCases.GroupTest1].test4
2020-05-05 00:01:28,740 INFO u.ItestListener [TestNG-tests-1] I came here onTestSuccess of test --> [TestClass name=class test.testCases.GroupTest1].test4
2020-05-05 00:01:55,511 INFO u.ItestListener [TestNG-tests-1] I came here onTestStart of test --> [TestClass name=class test.testCases.GroupTest1].test3
2020-05-05 00:01:55,520 INFO u.ItestListener [TestNG-tests-1] I came here onTestSuccess of test --> [TestClass name=class test.testCases.GroupTest1].test3
2020-05-05 00:02:44,485 INFO u.ItestListener [TestNG-tests-1] I came here onTestStart of test --> [TestClass name=class test.testCases.GroupTest1].test1
2020-05-05 00:02:44,495 INFO u.ItestListener [TestNG-tests-1] I came here onTestSuccess of test --> [TestClass name=class test.testCases.GroupTest1].test1
2020-05-05 00:02:44,496 INFO u.ItestListener [TestNG-tests-1] I came here onTestStart of test --> [TestClass name=class test.testCases.GroupTest1].test2
2020-05-05 00:02:44,497 INFO u.ItestListener [TestNG-tests-1] I came here onTestSuccess of test --> [TestClass name=class test.testCases.GroupTest1].test2
2020-05-05 00:02:44,498 INFO u.ItestListener [TestNG-tests-1] I came here onTestStart of test --> [TestClass name=class test.testCases.GroupTest1].test3
2020-05-05 00:02:44,499 INFO u.ItestListener [TestNG-tests-1] I came here onTestSuccess of test --> [TestClass name=class test.testCases.GroupTest1].test3
2020-05-05 00:02:44,500 INFO u.ItestListener [TestNG-tests-1] I came here onTestStart of test --> [TestClass name=class test.testCases.GroupTest1].test4
2020-05-05 00:02:44,501 INFO u.ItestListener [TestNG-tests-1] I came here onTestSuccess of test --> [TestClass name=class test.testCases.GroupTest1].test4
2020-05-05 00:03:37,948 INFO u.ItestListener [TestNG-tests-1] I came here onTestStart of test --> [TestClass name=class test.testCases.GroupTest1].test3
2020-05-05 00:03:37,959 INFO u.ItestListener [TestNG-tests-1] I came here onTestSuccess of test --> [TestClass name=class test.testCases.GroupTest1].test3
2020-05-05 00:03:37,960 INFO u.ItestListener [TestNG-tests-1] I came here onTestStart of test --> [TestClass name=class test.testCases.GroupTest1].test4
2020-05-05 00:03:37,961 INFO u.ItestListener [TestNG-tests-1] I came here onTestSuccess of test --> [TestClass name=class test.testCases.GroupTest1].test4
2020-05-05 00:04:25,318 INFO u.ItestListener [TestNG-tests-1] I came here onTestStart of test --> [TestClass name=class test.testCases.GroupTest1].test3
2020-05-05 00:04:25,328 INFO u.ItestListener [TestNG-tests-1] I came here onTestSuccess of test --> [TestClass name=class test.testCases.GroupTest1].test3
2020-05-05 00:06:29,716 INFO t.t.BaseTest [TestNG-tests-1] Thread is -->Thread[TestNG-tests-1,5,main]
2020-05-05 00:06:29,718 INFO t.t.BaseTest [TestNG-tests-1] Initializing chrome browser
2020-05-05 00:06:34,193 INFO u.ItestListener [TestNG-tests-1] I came here onTestStart of test --> [TestClass name=class test.testCases.SearchPageTestCases].test
2020-05-05 00:06:34,193 INFO t.t.SearchPageTestCases [TestNG-tests-1] typing url --> http://www.google.com
2020-05-05 00:06:37,270 WARN t.t.SearchPageTestCases [TestNG-tests-1] Entering Text in Goole Search --> CoronaVirus
2020-05-05 00:06:38,801 ERROR t.t.SearchPageTestCases [TestNG-tests-1] Clicked Search
2020-05-05 00:06:38,803 INFO u.ItestListener [TestNG-tests-1] I came here onTestSuccess of test --> [TestClass name=class test.testCases.SearchPageTestCases].test
2020-05-05 00:06:39,447 INFO t.t.BaseTest [TestNG-tests-1] Thread is -->Thread[TestNG-tests-1,5,main]
2020-05-05 00:06:39,447 INFO t.t.BaseTest [TestNG-tests-1] Initializing chrome browser
2020-05-05 00:06:42,889 INFO u.ItestListener [TestNG-tests-1] I came here onTestStart of test --> [TestClass name=class test.testCases.SearchPageTestCasesOne].test1
2020-05-05 00:06:48,091 ERROR u.ItestListener [TestNG-tests-1] I came here onTestFailure of test --> [TestClass name=class test.testCases.SearchPageTestCasesOne].test1
2020-05-05 00:06:48,092 ERROR u.ItestListener [TestNG-tests-1] failureReason --> org.openqa.selenium.ElementNotInteractableException: element not interactable
  (Session info: chrome=81.0.4044.129)
Build info: version: '3.141.59', revision: 'e82be7d358', time: '2018-11-14T08:17:03'
System info: host: 'LAPTOP-F72VL5U5', ip: '192.168.0.11', os.name: 'Windows 10', os.arch: 'amd64', os.version: '10.0', java.version: '1.8.0_241'
Driver info: org.openqa.selenium.chrome.ChromeDriver
Capabilities {acceptInsecureCerts: false, browserName: chrome, browserVersion: 81.0.4044.129, chrome: {chromedriverVersion: 81.0.4044.69 (6813546031a4b..., userDataDir: C:\Users\sharm\AppData\Loca...}, goog:chromeOptions: {debuggerAddress: localhost:55253}, javascriptEnabled: true, networkConnectionEnabled: false, pageLoadStrategy: normal, platform: WINDOWS, platformName: WINDOWS, proxy: Proxy(), setWindowRect: true, strictFileInteractability: false, timeouts: {implicit: 0, pageLoad: 300000, script: 30000}, unhandledPromptBehavior: dismiss and notify, webauthn:virtualAuthenticators: true}
Session ID: 9ad39d6d0bda28241735a635e25964c5
2020-05-05 00:06:49,036 INFO t.t.BaseTest [TestNG-tests-1] Thread is -->Thread[TestNG-tests-1,5,main]
2020-05-05 00:06:49,036 INFO t.t.BaseTest [TestNG-tests-1] Initializing chrome browser
2020-05-05 00:06:52,417 INFO u.ItestListener [TestNG-tests-1] I came here onTestStart of test --> [TestClass name=class test.testCases.SearchPageTestCasesOne].test2
2020-05-05 00:06:52,418 INFO t.t.SearchPageTestCasesOne [TestNG-tests-1] typing url --> http://www.google.com
2020-05-05 00:06:52,418 INFO t.t.SearchPageTestCasesOne [TestNG-tests-1] This is driver Instance --> ChromeDriver: chrome on WINDOWS (1fb471da3c4f9108b37817495ce199b3)
2020-05-05 00:06:55,085 WARN t.t.SearchPageTestCasesOne [TestNG-tests-1] Entering Text in Goole Search --> Death Count in CoronaVirus in India
2020-05-05 00:06:57,321 ERROR u.ItestListener [TestNG-tests-1] I came here onTestFailure of test --> [TestClass name=class test.testCases.SearchPageTestCasesOne].test2
2020-05-05 00:06:57,322 ERROR u.ItestListener [TestNG-tests-1] failureReason --> org.openqa.selenium.ElementNotInteractableException: element not interactable
  (Session info: chrome=81.0.4044.129)
Build info: version: '3.141.59', revision: 'e82be7d358', time: '2018-11-14T08:17:03'
System info: host: 'LAPTOP-F72VL5U5', ip: '192.168.0.11', os.name: 'Windows 10', os.arch: 'amd64', os.version: '10.0', java.version: '1.8.0_241'
Driver info: org.openqa.selenium.chrome.ChromeDriver
Capabilities {acceptInsecureCerts: false, browserName: chrome, browserVersion: 81.0.4044.129, chrome: {chromedriverVersion: 81.0.4044.69 (6813546031a4b..., userDataDir: C:\Users\sharm\AppData\Loca...}, goog:chromeOptions: {debuggerAddress: localhost:55572}, javascriptEnabled: true, networkConnectionEnabled: false, pageLoadStrategy: normal, platform: WINDOWS, platformName: WINDOWS, proxy: Proxy(), setWindowRect: true, strictFileInteractability: false, timeouts: {implicit: 0, pageLoad: 300000, script: 30000}, unhandledPromptBehavior: dismiss and notify, webauthn:virtualAuthenticators: true}
Session ID: 1fb471da3c4f9108b37817495ce199b3
2020-05-05 00:06:58,278 INFO t.t.BaseTest [TestNG-tests-1] Thread is -->Thread[TestNG-tests-1,5,main]
2020-05-05 00:06:58,278 INFO t.t.BaseTest [TestNG-tests-1] Initializing chrome browser
2020-05-05 00:07:01,660 INFO u.ItestListener [TestNG-tests-1] I came here onTestStart of test --> [TestClass name=class test.testCases.retryFailedDemo].testF1
2020-05-05 00:07:01,661 INFO u.ItestListener [TestNG-tests-1] I came here onTestSuccess of test --> [TestClass name=class test.testCases.retryFailedDemo].testF1
2020-05-05 00:07:02,283 INFO t.t.BaseTest [TestNG-tests-1] Thread is -->Thread[TestNG-tests-1,5,main]
2020-05-05 00:07:02,283 INFO t.t.BaseTest [TestNG-tests-1] Initializing chrome browser
2020-05-05 00:07:05,657 INFO u.ItestListener [TestNG-tests-1] I came here onTestStart of test --> [TestClass name=class test.testCases.retryFailedDemo].testF2
2020-05-05 00:07:05,657 INFO t.t.retryFailedDemo [TestNG-tests-1] typing url --> http://www.google.com
2020-05-05 00:07:08,341 ERROR u.ItestListener [TestNG-tests-1] I came here onTestFailure of test --> [TestClass name=class test.testCases.retryFailedDemo].testF2
2020-05-05 00:07:08,341 ERROR u.ItestListener [TestNG-tests-1] failureReason --> java.lang.ArithmeticException: / by zero
2020-05-05 00:07:09,290 INFO t.t.BaseTest [TestNG-tests-1] Thread is -->Thread[TestNG-tests-1,5,main]
2020-05-05 00:07:09,290 INFO t.t.BaseTest [TestNG-tests-1] Initializing chrome browser
2020-05-05 00:07:12,732 INFO u.ItestListener [TestNG-tests-1] I came here onTestStart of test --> [TestClass name=class test.testCases.retryFailedDemo].testF3
2020-05-05 00:07:12,732 INFO u.ItestListener [TestNG-tests-1] I came here onTestSuccess of test --> [TestClass name=class test.testCases.retryFailedDemo].testF3
2020-05-05 00:08:17,739 INFO t.t.BaseTest [TestNG-tests-1] Thread is -->Thread[TestNG-tests-1,5,main]
2020-05-05 00:08:17,742 INFO t.t.BaseTest [TestNG-tests-1] Initializing chrome browser
2020-05-05 00:08:21,855 INFO u.ItestListener [TestNG-tests-1] I came here onTestStart of test --> [TestClass name=class test.testCases.SearchPageTestCases].test
2020-05-05 00:08:21,855 INFO t.t.SearchPageTestCases [TestNG-tests-1] typing url --> http://www.google.com
2020-05-05 00:08:24,701 WARN t.t.SearchPageTestCases [TestNG-tests-1] Entering Text in Goole Search --> CoronaVirus
2020-05-05 00:08:26,071 ERROR t.t.SearchPageTestCases [TestNG-tests-1] Clicked Search
2020-05-05 00:08:26,073 INFO u.ItestListener [TestNG-tests-1] I came here onTestSuccess of test --> [TestClass name=class test.testCases.SearchPageTestCases].test
2020-05-05 00:08:27,102 INFO t.t.BaseTest [TestNG-tests-1] Thread is -->Thread[TestNG-tests-1,5,main]
2020-05-05 00:08:27,102 INFO t.t.BaseTest [TestNG-tests-1] Initializing chrome browser
2020-05-05 00:08:30,502 INFO u.ItestListener [TestNG-tests-1] I came here onTestStart of test --> [TestClass name=class test.testCases.SearchPageTestCasesOne].test1
2020-05-05 00:08:35,432 ERROR u.ItestListener [TestNG-tests-1] I came here onTestFailure of test --> [TestClass name=class test.testCases.SearchPageTestCasesOne].test1
2020-05-05 00:08:35,432 ERROR u.ItestListener [TestNG-tests-1] failureReason --> org.openqa.selenium.ElementNotInteractableException: element not interactable
  (Session info: chrome=81.0.4044.129)
Build info: version: '3.141.59', revision: 'e82be7d358', time: '2018-11-14T08:17:03'
System info: host: 'LAPTOP-F72VL5U5', ip: '192.168.0.11', os.name: 'Windows 10', os.arch: 'amd64', os.version: '10.0', java.version: '1.8.0_241'
Driver info: org.openqa.selenium.chrome.ChromeDriver
Capabilities {acceptInsecureCerts: false, browserName: chrome, browserVersion: 81.0.4044.129, chrome: {chromedriverVersion: 81.0.4044.69 (6813546031a4b..., userDataDir: C:\Users\sharm\AppData\Loca...}, goog:chromeOptions: {debuggerAddress: localhost:58601}, javascriptEnabled: true, networkConnectionEnabled: false, pageLoadStrategy: normal, platform: WINDOWS, platformName: WINDOWS, proxy: Proxy(), setWindowRect: true, strictFileInteractability: false, timeouts: {implicit: 0, pageLoad: 300000, script: 30000}, unhandledPromptBehavior: dismiss and notify, webauthn:virtualAuthenticators: true}
Session ID: cf186f86a342a74f8c7d330e1206ae7c
2020-05-05 00:08:36,404 INFO t.t.BaseTest [TestNG-tests-1] Thread is -->Thread[TestNG-tests-1,5,main]
2020-05-05 00:08:36,404 INFO t.t.BaseTest [TestNG-tests-1] Initializing chrome browser
2020-05-05 00:08:39,785 INFO u.ItestListener [TestNG-tests-1] I came here onTestStart of test --> [TestClass name=class test.testCases.SearchPageTestCasesOne].test2
2020-05-05 00:08:39,785 INFO t.t.SearchPageTestCasesOne [TestNG-tests-1] typing url --> http://www.google.com
2020-05-05 00:08:39,785 INFO t.t.SearchPageTestCasesOne [TestNG-tests-1] This is driver Instance --> ChromeDriver: chrome on WINDOWS (8b4341339153b7ea814159c019b074ba)
2020-05-05 00:08:42,498 WARN t.t.SearchPageTestCasesOne [TestNG-tests-1] Entering Text in Goole Search --> Death Count in CoronaVirus in India
2020-05-05 00:08:44,737 ERROR u.ItestListener [TestNG-tests-1] I came here onTestFailure of test --> [TestClass name=class test.testCases.SearchPageTestCasesOne].test2
2020-05-05 00:08:44,737 ERROR u.ItestListener [TestNG-tests-1] failureReason --> org.openqa.selenium.ElementNotInteractableException: element not interactable
  (Session info: chrome=81.0.4044.129)
Build info: version: '3.141.59', revision: 'e82be7d358', time: '2018-11-14T08:17:03'
System info: host: 'LAPTOP-F72VL5U5', ip: '192.168.0.11', os.name: 'Windows 10', os.arch: 'amd64', os.version: '10.0', java.version: '1.8.0_241'
Driver info: org.openqa.selenium.chrome.ChromeDriver
Capabilities {acceptInsecureCerts: false, browserName: chrome, browserVersion: 81.0.4044.129, chrome: {chromedriverVersion: 81.0.4044.69 (6813546031a4b..., userDataDir: C:\Users\sharm\AppData\Loca...}, goog:chromeOptions: {debuggerAddress: localhost:58901}, javascriptEnabled: true, networkConnectionEnabled: false, pageLoadStrategy: normal, platform: WINDOWS, platformName: WINDOWS, proxy: Proxy(), setWindowRect: true, strictFileInteractability: false, timeouts: {implicit: 0, pageLoad: 300000, script: 30000}, unhandledPromptBehavior: dismiss and notify, webauthn:virtualAuthenticators: true}
Session ID: 8b4341339153b7ea814159c019b074ba
2020-05-05 00:08:45,919 INFO t.t.BaseTest [TestNG-tests-1] Thread is -->Thread[TestNG-tests-1,5,main]
2020-05-05 00:08:45,919 INFO t.t.BaseTest [TestNG-tests-1] Initializing chrome browser
2020-05-05 00:08:49,296 INFO u.ItestListener [TestNG-tests-1] I came here onTestStart of test --> [TestClass name=class test.testCases.retryFailedDemo].testF1
2020-05-05 00:08:49,296 INFO u.ItestListener [TestNG-tests-1] I came here onTestSuccess of test --> [TestClass name=class test.testCases.retryFailedDemo].testF1
2020-05-05 00:08:50,446 INFO t.t.BaseTest [TestNG-tests-1] Thread is -->Thread[TestNG-tests-1,5,main]
2020-05-05 00:08:50,446 INFO t.t.BaseTest [TestNG-tests-1] Initializing chrome browser
2020-05-05 00:08:53,822 INFO u.ItestListener [TestNG-tests-1] I came here onTestStart of test --> [TestClass name=class test.testCases.retryFailedDemo].testF2
2020-05-05 00:08:53,823 INFO t.t.retryFailedDemo [TestNG-tests-1] typing url --> http://www.google.com
2020-05-05 00:08:56,537 ERROR u.ItestListener [TestNG-tests-1] I came here onTestFailure of test --> [TestClass name=class test.testCases.retryFailedDemo].testF2
2020-05-05 00:08:56,537 ERROR u.ItestListener [TestNG-tests-1] failureReason --> java.lang.ArithmeticException: / by zero
2020-05-05 00:08:57,937 INFO t.t.BaseTest [TestNG-tests-1] Thread is -->Thread[TestNG-tests-1,5,main]
2020-05-05 00:08:57,937 INFO t.t.BaseTest [TestNG-tests-1] Initializing chrome browser
2020-05-05 00:09:01,323 INFO u.ItestListener [TestNG-tests-1] I came here onTestStart of test --> [TestClass name=class test.testCases.retryFailedDemo].testF3
2020-05-05 00:09:01,323 INFO u.ItestListener [TestNG-tests-1] I came here onTestSuccess of test --> [TestClass name=class test.testCases.retryFailedDemo].testF3
